2025-11-24 00:09:52.336 [HikariPool-2 housekeeper] WARN  com.zaxxer.hikari.pool.HikariPool - HikariPool-2 - Thread starvation or clock leap detected (housekeeper delta=17m9s548ms).
2025-11-24 00:26:37.713 [HikariPool-2 housekeeper] WARN  com.zaxxer.hikari.pool.HikariPool - HikariPool-2 - Thread starvation or clock leap detected (housekeeper delta=16m45s378ms).
2025-11-24 00:28:22.276 [HikariPool-2 housekeeper] WARN  com.zaxxer.hikari.pool.HikariPool - HikariPool-2 - Thread starvation or clock leap detected (housekeeper delta=1m44s563ms).
2025-11-24 00:33:23.848 [HikariPool-2 housekeeper] WARN  com.zaxxer.hikari.pool.HikariPool - HikariPool-2 - Thread starvation or clock leap detected (housekeeper delta=5m1s572ms).
2025-11-24 00:50:26.803 [HikariPool-2 housekeeper] WARN  com.zaxxer.hikari.pool.HikariPool - HikariPool-2 - Thread starvation or clock leap detected (housekeeper delta=17m2s955ms).
2025-11-24 00:52:36.230 [HikariPool-2 housekeeper] WARN  com.zaxxer.hikari.pool.HikariPool - HikariPool-2 - Thread starvation or clock leap detected (housekeeper delta=2m9s427ms).
2025-11-24 01:10:44.077 [HikariPool-2 housekeeper] WARN  com.zaxxer.hikari.pool.HikariPool - HikariPool-2 - Thread starvation or clock leap detected (housekeeper delta=18m7s847ms).
2025-11-24 01:27:33.228 [HikariPool-2 housekeeper] WARN  com.zaxxer.hikari.pool.HikariPool - HikariPool-2 - Thread starvation or clock leap detected (housekeeper delta=16m49s151ms).
2025-11-24 01:29:42.649 [HikariPool-2 housekeeper] WARN  com.zaxxer.hikari.pool.HikariPool - HikariPool-2 - Thread starvation or clock leap detected (housekeeper delta=2m9s421ms).
2025-11-24 01:34:24.677 [HikariPool-2 housekeeper] WARN  com.zaxxer.hikari.pool.HikariPool - HikariPool-2 - Thread starvation or clock leap detected (housekeeper delta=4m42s28ms).
2025-11-24 01:51:41.809 [HikariPool-2 housekeeper] WARN  com.zaxxer.hikari.pool.HikariPool - HikariPool-2 - Thread starvation or clock leap detected (housekeeper delta=17m17s131ms).
2025-11-24 02:09:36.610 [HikariPool-2 housekeeper] WARN  com.zaxxer.hikari.pool.HikariPool - HikariPool-2 - Thread starvation or clock leap detected (housekeeper delta=17m54s800ms).
2025-11-24 02:26:25.016 [HikariPool-2 housekeeper] WARN  com.zaxxer.hikari.pool.HikariPool - HikariPool-2 - Thread starvation or clock leap detected (housekeeper delta=16m48s408ms).
2025-11-24 02:28:34.467 [HikariPool-2 housekeeper] WARN  com.zaxxer.hikari.pool.HikariPool - HikariPool-2 - Thread starvation or clock leap detected (housekeeper delta=2m9s451ms).
2025-11-24 02:53:34.788 [HikariPool-2 housekeeper] WARN  com.zaxxer.hikari.pool.HikariPool - HikariPool-2 - Thread starvation or clock leap detected (housekeeper delta=25m321ms).
2025-11-24 03:10:30.656 [HikariPool-2 housekeeper] WARN  com.zaxxer.hikari.pool.HikariPool - HikariPool-2 - Thread starvation or clock leap detected (housekeeper delta=16m55s868ms).
2025-11-24 03:12:40.050 [HikariPool-2 housekeeper] WARN  com.zaxxer.hikari.pool.HikariPool - HikariPool-2 - Thread starvation or clock leap detected (housekeeper delta=2m9s394ms).
2025-11-24 03:30:42.752 [HikariPool-2 housekeeper] WARN  com.zaxxer.hikari.pool.HikariPool - HikariPool-2 - Thread starvation or clock leap detected (housekeeper delta=18m2s702ms).
2025-11-24 03:36:23.099 [HikariPool-2 housekeeper] WARN  com.zaxxer.hikari.pool.HikariPool - HikariPool-2 - Thread starvation or clock leap detected (housekeeper delta=5m40s347ms).
2025-11-24 03:55:58.624 [HikariPool-2 housekeeper] WARN  com.zaxxer.hikari.pool.HikariPool - HikariPool-2 - Thread starvation or clock leap detected (housekeeper delta=19m35s524ms).
2025-11-24 04:12:43.317 [HikariPool-2 housekeeper] WARN  com.zaxxer.hikari.pool.HikariPool - HikariPool-2 - Thread starvation or clock leap detected (housekeeper delta=16m44s694ms).
2025-11-24 04:14:52.698 [HikariPool-2 housekeeper] WARN  com.zaxxer.hikari.pool.HikariPool - HikariPool-2 - Thread starvation or clock leap detected (housekeeper delta=2m9s381ms).
2025-11-24 04:34:22.570 [HikariPool-2 housekeeper] WARN  com.zaxxer.hikari.pool.HikariPool - HikariPool-2 - Thread starvation or clock leap detected (housekeeper delta=19m29s872ms).
2025-11-24 04:36:07.141 [HikariPool-2 housekeeper] WARN  com.zaxxer.hikari.pool.HikariPool - HikariPool-2 - Thread starvation or clock leap detected (housekeeper delta=1m44s571ms).
2025-11-24 04:55:59.687 [HikariPool-2 housekeeper] WARN  com.zaxxer.hikari.pool.HikariPool - HikariPool-2 - Thread starvation or clock leap detected (housekeeper delta=19m52s546ms).
2025-11-24 05:13:14.557 [HikariPool-2 housekeeper] WARN  com.zaxxer.hikari.pool.HikariPool - HikariPool-2 - Thread starvation or clock leap detected (housekeeper delta=17m14s870ms).
2025-11-24 05:15:23.970 [HikariPool-2 housekeeper] WARN  com.zaxxer.hikari.pool.HikariPool - HikariPool-2 - Thread starvation or clock leap detected (housekeeper delta=2m9s413ms).
2025-11-24 05:32:55.263 [HikariPool-2 housekeeper] WARN  com.zaxxer.hikari.pool.HikariPool - HikariPool-2 - Thread starvation or clock leap detected (housekeeper delta=17m31s293ms).
2025-11-24 05:33:50.107 [HikariPool-2 housekeeper] WARN  com.zaxxer.hikari.pool.HikariPool - HikariPool-2 - Thread starvation or clock leap detected (housekeeper delta=54s844ms).
2025-11-24 05:40:03.490 [HikariPool-2 housekeeper] WARN  com.zaxxer.hikari.pool.HikariPool - HikariPool-2 - Thread starvation or clock leap detected (housekeeper delta=6m13s382ms).
2025-11-24 06:13:20.154 [HikariPool-2 housekeeper] WARN  com.zaxxer.hikari.pool.HikariPool - HikariPool-2 - Thread starvation or clock leap detected (housekeeper delta=33m16s665ms).
2025-11-24 06:15:29.548 [HikariPool-2 housekeeper] WARN  com.zaxxer.hikari.pool.HikariPool - HikariPool-2 - Thread starvation or clock leap detected (housekeeper delta=2m9s393ms).
2025-11-24 06:33:20.624 [HikariPool-2 housekeeper] WARN  com.zaxxer.hikari.pool.HikariPool - HikariPool-2 - Thread starvation or clock leap detected (housekeeper delta=17m51s77ms).
2025-11-24 06:35:05.155 [HikariPool-2 housekeeper] WARN  com.zaxxer.hikari.pool.HikariPool - HikariPool-2 - Thread starvation or clock leap detected (housekeeper delta=1m44s531ms).
2025-11-24 06:57:19.146 [HikariPool-2 housekeeper] WARN  com.zaxxer.hikari.pool.HikariPool - HikariPool-2 - Thread starvation or clock leap detected (housekeeper delta=22m13s991ms).
2025-11-24 06:58:38.879 [HikariPool-2 housekeeper] WARN  com.zaxxer.hikari.pool.HikariPool - HikariPool-2 - Thread starvation or clock leap detected (housekeeper delta=1m19s733ms).
2025-11-24 07:15:24.309 [HikariPool-2 housekeeper] WARN  com.zaxxer.hikari.pool.HikariPool - HikariPool-2 - Thread starvation or clock leap detected (housekeeper delta=16m45s430ms).
2025-11-24 07:33:29.698 [HikariPool-2 housekeeper] WARN  com.zaxxer.hikari.pool.HikariPool - HikariPool-2 - Thread starvation or clock leap detected (housekeeper delta=18m5s388ms).
2025-11-24 07:40:58.228 [HikariPool-2 housekeeper] WARN  com.zaxxer.hikari.pool.HikariPool - HikariPool-2 - Thread starvation or clock leap detected (housekeeper delta=7m28s531ms).
2025-11-24 07:59:06.237 [HikariPool-2 housekeeper] WARN  com.zaxxer.hikari.pool.HikariPool - HikariPool-2 - Thread starvation or clock leap detected (housekeeper delta=18m8s8ms).
2025-11-24 08:41:20.486 [HikariPool-2 housekeeper] WARN  com.zaxxer.hikari.pool.HikariPool - HikariPool-2 - Thread starvation or clock leap detected (housekeeper delta=42m14s249ms).
2025-11-24 08:56:49.530 [HikariPool-2 housekeeper] WARN  com.zaxxer.hikari.pool.HikariPool - HikariPool-2 - Thread starvation or clock leap detected (housekeeper delta=15m29s45ms).
2025-11-24 09:15:15.118 [HikariPool-2 housekeeper] WARN  com.zaxxer.hikari.pool.HikariPool - HikariPool-2 - Thread starvation or clock leap detected (housekeeper delta=18m25s588ms).
2025-11-24 09:16:22.019 [HikariPool-2 housekeeper] WARN  com.zaxxer.hikari.pool.HikariPool - HikariPool-2 - Thread starvation or clock leap detected (housekeeper delta=1m6s900ms).
2025-11-24 09:39:02.003 [SpringApplicationShutdownHook] INFO  o.s.boot.web.embedded.tomcat.GracefulShutdown - Commencing graceful shutdown. Waiting for active requests to complete
2025-11-24 09:39:04.038 [tomcat-shutdown] INFO  o.s.boot.web.embedded.tomcat.GracefulShutdown - Graceful shutdown complete
2025-11-24 09:39:04.081 [SpringApplicationShutdownHook] INFO  com.zaxxer.hikari.HikariDataSource - HikariPool-2 - Shutdown initiated...
2025-11-24 09:39:04.091 [SpringApplicationShutdownHook] INFO  com.zaxxer.hikari.HikariDataSource - HikariPool-2 - Shutdown completed.
2025-11-24 09:56:55.189 [restartedMain] INFO  com.tears.usercenter.UserCenterApplication - Starting UserCenterApplication using Java 17.0.17 with PID 2207 (/Users/tears/IdeaProjects/UserSystem/user-center-backend/target/classes started by tears in /Users/tears/IdeaProjects/UserSystem)
2025-11-24 09:56:55.197 [restartedMain] DEBUG com.tears.usercenter.UserCenterApplication - Running with Spring Boot v3.4.4, Spring v6.2.5
2025-11-24 09:56:55.200 [restartedMain] INFO  com.tears.usercenter.UserCenterApplication - No active profile set, falling back to 1 default profile: "default"
2025-11-24 09:56:55.297 [restartedMain] INFO  o.s.b.d.env.DevToolsPropertyDefaultsPostProcessor - Devtools property defaults active! Set 'spring.devtools.add-properties' to 'false' to disable
2025-11-24 09:56:55.298 [restartedMain] INFO  o.s.b.d.env.DevToolsPropertyDefaultsPostProcessor - For additional web related logging consider setting the 'logging.level.web' property to 'DEBUG'
2025-11-24 09:56:56.433 [restartedMain] INFO  o.s.d.r.config.RepositoryConfigurationDelegate - Multiple Spring Data modules found, entering strict repository configuration mode
2025-11-24 09:56:56.436 [restartedMain] INFO  o.s.d.r.config.RepositoryConfigurationDelegate - Bootstrapping Spring Data Redis repositories in DEFAULT mode.
2025-11-24 09:56:56.510 [restartedMain] INFO  o.s.d.r.config.RepositoryConfigurationDelegate - Finished Spring Data repository scanning in 33 ms. Found 0 Redis repository interfaces.
2025-11-24 09:56:56.784 [restartedMain] DEBUG org.mybatis.spring.mapper.ClassPathMapperScanner - Identified candidate component class: file [/Users/tears/IdeaProjects/UserSystem/user-center-backend/target/classes/com/tears/usercenter/mapper/UserMapper.class]
2025-11-24 09:56:56.787 [restartedMain] DEBUG org.mybatis.spring.mapper.ClassPathMapperScanner - Creating MapperFactoryBean with name 'userMapper' and 'com.tears.usercenter.mapper.UserMapper' mapperInterface
2025-11-24 09:56:57.366 [restartedMain] INFO  o.s.boot.web.embedded.tomcat.TomcatWebServer - Tomcat initialized with port 8080 (http)
2025-11-24 09:56:57.377 [restartedMain] INFO  org.apache.coyote.http11.Http11NioProtocol - Initializing ProtocolHandler ["http-nio-8080"]
2025-11-24 09:56:57.378 [restartedMain] INFO  org.apache.catalina.core.StandardService - Starting service [Tomcat]
2025-11-24 09:56:57.378 [restartedMain] INFO  org.apache.catalina.core.StandardEngine - Starting Servlet engine: [Apache Tomcat/10.1.39]
2025-11-24 09:56:57.431 [restartedMain] INFO  o.a.c.core.ContainerBase.[Tomcat].[localhost].[/] - Initializing Spring embedded WebApplicationContext
2025-11-24 09:56:57.432 [restartedMain] INFO  o.s.b.w.s.c.ServletWebServerApplicationContext - Root WebApplicationContext: initialization completed in 2132 ms
2025-11-24 09:57:03.038 [restartedMain] WARN  com.baomidou.mybatisplus.core.toolkit.Sequence - Initialization Sequence Very Slow! Get datacenterId:2 workerId:25
2025-11-24 09:57:04.337 [restartedMain] INFO  o.s.b.d.autoconfigure.OptionalLiveReloadServer - LiveReload server is running on port 35729
2025-11-24 09:57:04.377 [restartedMain] INFO  org.apache.coyote.http11.Http11NioProtocol - Starting ProtocolHandler ["http-nio-8080"]
2025-11-24 09:57:04.389 [restartedMain] INFO  o.s.boot.web.embedded.tomcat.TomcatWebServer - Tomcat started on port 8080 (http) with context path '/'
2025-11-24 09:57:04.409 [restartedMain] INFO  com.tears.usercenter.UserCenterApplication - Started UserCenterApplication in 10.09 seconds (process running for 10.835)
2025-11-24 09:58:22.834 [http-nio-8080-exec-1] INFO  o.a.c.core.ContainerBase.[Tomcat].[localhost].[/] - Initializing Spring DispatcherServlet 'dispatcherServlet'
2025-11-24 09:58:22.835 [http-nio-8080-exec-1] INFO  org.springframework.web.servlet.DispatcherServlet - Initializing Servlet 'dispatcherServlet'
2025-11-24 09:58:22.847 [http-nio-8080-exec-1] INFO  org.springframework.web.servlet.DispatcherServlet - Completed initialization in 11 ms
2025-11-24 09:58:22.992 [http-nio-8080-exec-2] DEBUG org.mybatis.spring.SqlSessionUtils - Creating a new SqlSession
2025-11-24 09:58:22.999 [http-nio-8080-exec-2] DEBUG org.mybatis.spring.SqlSessionUtils - SqlSession [org.apache.ibatis.session.defaults.DefaultSqlSession@62740164] was not registered for synchronization because synchronization is not active
2025-11-24 09:58:23.033 [http-nio-8080-exec-2] INFO  com.zaxxer.hikari.HikariDataSource - HikariPool-1 - Starting...
2025-11-24 09:58:23.424 [http-nio-8080-exec-2] INFO  com.zaxxer.hikari.pool.HikariPool - HikariPool-1 - Added connection com.mysql.cj.jdbc.ConnectionImpl@5dd3a158
2025-11-24 09:58:23.427 [http-nio-8080-exec-2] INFO  com.zaxxer.hikari.HikariDataSource - HikariPool-1 - Start completed.
2025-11-24 09:58:23.437 [http-nio-8080-exec-2] DEBUG o.m.spring.transaction.SpringManagedTransaction - JDBC Connection [HikariProxyConnection@1355911979 wrapping com.mysql.cj.jdbc.ConnectionImpl@5dd3a158] will not be managed by Spring
2025-11-24 09:58:23.453 [http-nio-8080-exec-2] DEBUG com.tears.usercenter.mapper.UserMapper.selectList - ==>  Preparing: SELECT id,username,userAccount,avatarUrl,gender,userPassword,phone,email,userStatus,createTime,updateTime,isDelete,userRole FROM user WHERE isDelete=0 AND (userAccount = ?)
2025-11-24 09:58:23.475 [http-nio-8080-exec-2] DEBUG com.tears.usercenter.mapper.UserMapper.selectList - ==> Parameters: admin(String)
2025-11-24 09:58:23.503 [http-nio-8080-exec-2] DEBUG com.tears.usercenter.mapper.UserMapper.selectList - <==      Total: 1
2025-11-24 09:58:23.506 [http-nio-8080-exec-2] DEBUG org.mybatis.spring.SqlSessionUtils - Closing non transactional SqlSession [org.apache.ibatis.session.defaults.DefaultSqlSession@62740164]
2025-11-24 09:58:23.574 [http-nio-8080-exec-3] DEBUG org.mybatis.spring.SqlSessionUtils - Creating a new SqlSession
2025-11-24 09:58:23.575 [http-nio-8080-exec-3] DEBUG org.mybatis.spring.SqlSessionUtils - SqlSession [org.apache.ibatis.session.defaults.DefaultSqlSession@5b1bca34] was not registered for synchronization because synchronization is not active
2025-11-24 09:58:23.575 [http-nio-8080-exec-3] DEBUG o.m.spring.transaction.SpringManagedTransaction - JDBC Connection [HikariProxyConnection@1069358244 wrapping com.mysql.cj.jdbc.ConnectionImpl@5dd3a158] will not be managed by Spring
2025-11-24 09:58:23.575 [http-nio-8080-exec-3] DEBUG com.tears.usercenter.mapper.UserMapper.selectById - ==>  Preparing: SELECT id,username,userAccount,avatarUrl,gender,userPassword,phone,email,userStatus,createTime,updateTime,isDelete,userRole FROM user WHERE id=? AND isDelete=0
2025-11-24 09:58:23.576 [http-nio-8080-exec-3] DEBUG com.tears.usercenter.mapper.UserMapper.selectById - ==> Parameters: 1(Long)
2025-11-24 09:58:23.579 [http-nio-8080-exec-3] DEBUG com.tears.usercenter.mapper.UserMapper.selectById - <==      Total: 1
2025-11-24 09:58:23.580 [http-nio-8080-exec-3] DEBUG org.mybatis.spring.SqlSessionUtils - Closing non transactional SqlSession [org.apache.ibatis.session.defaults.DefaultSqlSession@5b1bca34]
2025-11-24 10:32:21.966 [http-nio-8080-exec-5] WARN  o.s.w.s.m.m.a.ExceptionHandlerExceptionResolver - Resolved [com.tears.usercenter.exception.BusinessException: 未登录]
2025-11-24 10:32:27.461 [http-nio-8080-exec-7] DEBUG org.mybatis.spring.SqlSessionUtils - Creating a new SqlSession
2025-11-24 10:32:27.466 [http-nio-8080-exec-7] DEBUG org.mybatis.spring.SqlSessionUtils - SqlSession [org.apache.ibatis.session.defaults.DefaultSqlSession@3f63dddc] was not registered for synchronization because synchronization is not active
2025-11-24 10:32:27.477 [http-nio-8080-exec-7] DEBUG o.m.spring.transaction.SpringManagedTransaction - JDBC Connection [HikariProxyConnection@832840768 wrapping com.mysql.cj.jdbc.ConnectionImpl@359bb6ac] will not be managed by Spring
2025-11-24 10:32:27.478 [http-nio-8080-exec-7] DEBUG com.tears.usercenter.mapper.UserMapper.selectList - ==>  Preparing: SELECT id,username,userAccount,avatarUrl,gender,userPassword,phone,email,userStatus,createTime,updateTime,isDelete,userRole FROM user WHERE isDelete=0 AND (userAccount = ?)
2025-11-24 10:32:27.483 [http-nio-8080-exec-7] DEBUG com.tears.usercenter.mapper.UserMapper.selectList - ==> Parameters: 123123123(String)
2025-11-24 10:32:27.502 [http-nio-8080-exec-7] DEBUG com.tears.usercenter.mapper.UserMapper.selectList - <==      Total: 0
2025-11-24 10:32:27.503 [http-nio-8080-exec-7] DEBUG org.mybatis.spring.SqlSessionUtils - Closing non transactional SqlSession [org.apache.ibatis.session.defaults.DefaultSqlSession@3f63dddc]
2025-11-24 10:32:27.503 [http-nio-8080-exec-7] INFO  com.tears.usercenter.service.impl.UserServiceImpl - user login failed, userAccount cannot be found in user-center system
2025-11-24 10:32:27.516 [http-nio-8080-exec-7] WARN  o.s.w.s.m.m.a.ExceptionHandlerExceptionResolver - Resolved [com.tears.usercenter.exception.BusinessException: 请求数据为空]
2025-11-24 10:32:41.028 [http-nio-8080-exec-8] DEBUG org.mybatis.spring.SqlSessionUtils - Creating a new SqlSession
2025-11-24 10:32:41.030 [http-nio-8080-exec-8] DEBUG org.mybatis.spring.SqlSessionUtils - SqlSession [org.apache.ibatis.session.defaults.DefaultSqlSession@3ba7a320] was not registered for synchronization because synchronization is not active
2025-11-24 10:32:41.036 [http-nio-8080-exec-8] DEBUG o.m.spring.transaction.SpringManagedTransaction - JDBC Connection [HikariProxyConnection@895502884 wrapping com.mysql.cj.jdbc.ConnectionImpl@359bb6ac] will not be managed by Spring
2025-11-24 10:32:41.038 [http-nio-8080-exec-8] DEBUG com.tears.usercenter.mapper.UserMapper.selectList - ==>  Preparing: SELECT id,username,userAccount,avatarUrl,gender,userPassword,phone,email,userStatus,createTime,updateTime,isDelete,userRole FROM user WHERE isDelete=0 AND (userAccount = ?)
2025-11-24 10:32:41.045 [http-nio-8080-exec-8] DEBUG com.tears.usercenter.mapper.UserMapper.selectList - ==> Parameters: 123123123(String)
2025-11-24 10:32:41.056 [http-nio-8080-exec-8] DEBUG com.tears.usercenter.mapper.UserMapper.selectList - <==      Total: 0
2025-11-24 10:32:41.057 [http-nio-8080-exec-8] DEBUG org.mybatis.spring.SqlSessionUtils - Closing non transactional SqlSession [org.apache.ibatis.session.defaults.DefaultSqlSession@3ba7a320]
2025-11-24 10:32:41.057 [http-nio-8080-exec-8] INFO  com.tears.usercenter.service.impl.UserServiceImpl - user login failed, userAccount cannot be found in user-center system
2025-11-24 10:32:41.069 [http-nio-8080-exec-8] WARN  o.s.w.s.m.m.a.ExceptionHandlerExceptionResolver - Resolved [com.tears.usercenter.exception.BusinessException: 请求数据为空]
