2025-11-19 00:06:04.887 [restartedMain] INFO  com.tears.usercenter.UserCenterApplication - Starting UserCenterApplication using Java 17.0.8 with PID 21716 (D:\Study\user-center\user-center-backend\target\classes started by Taco in D:\Study\user-center\user-center-backend)
2025-11-19 00:06:04.894 [restartedMain] DEBUG com.tears.usercenter.UserCenterApplication - Running with Spring Boot v3.4.4, Spring v6.2.5
2025-11-19 00:06:04.896 [restartedMain] INFO  com.tears.usercenter.UserCenterApplication - No active profile set, falling back to 1 default profile: "default"
2025-11-19 00:06:09.406 [restartedMain] INFO  com.tears.usercenter.UserCenterApplication - Started UserCenterApplication in 5.473 seconds (process running for 6.909)
2025-11-19 00:08:17.010 [http-nio-8080-exec-2] DEBUG com.tears.usercenter.mapper.UserMapper.selectList - ==>  Preparing: SELECT id,username,userAccount,avatarUrl,gender,userPassword,phone,email,userStatus,createTime,updateTime,isDelete,userRole FROM user WHERE isDelete=0 AND (userAccount = ?)
2025-11-19 00:08:17.035 [http-nio-8080-exec-2] DEBUG com.tears.usercenter.mapper.UserMapper.selectList - ==> Parameters: admin(String)
2025-11-19 00:08:17.109 [http-nio-8080-exec-2] DEBUG com.tears.usercenter.mapper.UserMapper.selectList - <==      Total: 1
2025-11-19 00:08:17.204 [http-nio-8080-exec-3] DEBUG com.tears.usercenter.mapper.UserMapper.selectById - ==>  Preparing: SELECT id,username,userAccount,avatarUrl,gender,userPassword,phone,email,userStatus,createTime,updateTime,isDelete,userRole FROM user WHERE id=? AND isDelete=0
2025-11-19 00:08:17.205 [http-nio-8080-exec-3] DEBUG com.tears.usercenter.mapper.UserMapper.selectById - ==> Parameters: 58(Long)
2025-11-19 00:08:17.208 [http-nio-8080-exec-3] DEBUG com.tears.usercenter.mapper.UserMapper.selectById - <==      Total: 1
2025-11-19 00:17:53.232 [restartedMain] INFO  com.tears.usercenter.UserCenterApplication - Starting UserCenterApplication using Java 17.0.8 with PID 21716 (D:\Study\user-center\user-center-backend\target\classes started by Taco in D:\Study\user-center\user-center-backend)
2025-11-19 00:17:53.232 [restartedMain] DEBUG com.tears.usercenter.UserCenterApplication - Running with Spring Boot v3.4.4, Spring v6.2.5
2025-11-19 00:17:53.232 [restartedMain] INFO  com.tears.usercenter.UserCenterApplication - No active profile set, falling back to 1 default profile: "default"
2025-11-19 00:17:53.997 [restartedMain] INFO  com.tears.usercenter.UserCenterApplication - Started UserCenterApplication in 0.829 seconds (process running for 711.501)
2025-11-19 00:21:12.343 [http-nio-8080-exec-1] DEBUG com.tears.usercenter.mapper.UserMapper.selectList - ==>  Preparing: SELECT id,username,userAccount,avatarUrl,gender,userPassword,phone,email,userStatus,createTime,updateTime,isDelete,userRole FROM user WHERE isDelete=0 AND (userAccount = ?)
2025-11-19 00:21:12.343 [http-nio-8080-exec-1] DEBUG com.tears.usercenter.mapper.UserMapper.selectList - ==> Parameters: admin(String)
2025-11-19 00:21:12.346 [http-nio-8080-exec-1] DEBUG com.tears.usercenter.mapper.UserMapper.selectList - <==      Total: 1
2025-11-19 00:21:12.357 [http-nio-8080-exec-2] DEBUG com.tears.usercenter.mapper.UserMapper.selectById - ==>  Preparing: SELECT id,username,userAccount,avatarUrl,gender,userPassword,phone,email,userStatus,createTime,updateTime,isDelete,userRole FROM user WHERE id=? AND isDelete=0
2025-11-19 00:21:12.358 [http-nio-8080-exec-2] DEBUG com.tears.usercenter.mapper.UserMapper.selectById - ==> Parameters: 58(Long)
2025-11-19 00:21:12.360 [http-nio-8080-exec-2] DEBUG com.tears.usercenter.mapper.UserMapper.selectById - <==      Total: 1
2025-11-19 00:22:29.008 [http-nio-8080-exec-4] DEBUG com.tears.usercenter.mapper.UserMapper.selectList - ==>  Preparing: SELECT id,username,userAccount,avatarUrl,gender,userPassword,phone,email,userStatus,createTime,updateTime,isDelete,userRole FROM user WHERE isDelete=0 AND (userAccount = ?)
2025-11-19 00:22:29.008 [http-nio-8080-exec-4] DEBUG com.tears.usercenter.mapper.UserMapper.selectList - ==> Parameters: admin(String)
2025-11-19 00:22:29.010 [http-nio-8080-exec-4] DEBUG com.tears.usercenter.mapper.UserMapper.selectList - <==      Total: 1
2025-11-19 00:22:29.015 [http-nio-8080-exec-6] DEBUG com.tears.usercenter.mapper.UserMapper.selectById - ==>  Preparing: SELECT id,username,userAccount,avatarUrl,gender,userPassword,phone,email,userStatus,createTime,updateTime,isDelete,userRole FROM user WHERE id=? AND isDelete=0
2025-11-19 00:22:29.015 [http-nio-8080-exec-6] DEBUG com.tears.usercenter.mapper.UserMapper.selectById - ==> Parameters: 58(Long)
2025-11-19 00:22:29.016 [http-nio-8080-exec-6] DEBUG com.tears.usercenter.mapper.UserMapper.selectById - <==      Total: 1
2025-11-19 00:24:58.385 [http-nio-8080-exec-8] DEBUG com.tears.usercenter.mapper.UserMapper.selectList - ==>  Preparing: SELECT id,username,userAccount,avatarUrl,gender,userPassword,phone,email,userStatus,createTime,updateTime,isDelete,userRole FROM user WHERE isDelete=0
2025-11-19 00:24:58.386 [http-nio-8080-exec-8] DEBUG com.tears.usercenter.mapper.UserMapper.selectList - ==> Parameters: 
2025-11-19 00:24:58.390 [http-nio-8080-exec-8] DEBUG com.tears.usercenter.mapper.UserMapper.selectList - <==      Total: 9
2025-11-19 00:31:10.886 [http-nio-8080-exec-10] DEBUG com.tears.usercenter.mapper.UserMapper.selectList - ==>  Preparing: SELECT id,username,userAccount,avatarUrl,gender,userPassword,phone,email,userStatus,createTime,updateTime,isDelete,userRole FROM user WHERE isDelete=0
2025-11-19 00:31:10.886 [http-nio-8080-exec-10] DEBUG com.tears.usercenter.mapper.UserMapper.selectList - ==> Parameters: 
2025-11-19 00:31:10.891 [http-nio-8080-exec-10] DEBUG com.tears.usercenter.mapper.UserMapper.selectList - <==      Total: 9
2025-11-19 00:38:40.120 [http-nio-8080-exec-5] DEBUG com.tears.usercenter.mapper.UserMapper.selectList - ==>  Preparing: SELECT id,username,userAccount,avatarUrl,gender,userPassword,phone,email,userStatus,createTime,updateTime,isDelete,userRole FROM user WHERE isDelete=0 AND (userAccount = ?)
2025-11-19 00:38:40.120 [http-nio-8080-exec-5] DEBUG com.tears.usercenter.mapper.UserMapper.selectList - ==> Parameters: admin(String)
2025-11-19 00:38:40.122 [http-nio-8080-exec-5] DEBUG com.tears.usercenter.mapper.UserMapper.selectList - <==      Total: 1
2025-11-19 00:38:40.127 [http-nio-8080-exec-4] DEBUG com.tears.usercenter.mapper.UserMapper.selectById - ==>  Preparing: SELECT id,username,userAccount,avatarUrl,gender,userPassword,phone,email,userStatus,createTime,updateTime,isDelete,userRole FROM user WHERE id=? AND isDelete=0
2025-11-19 00:38:40.127 [http-nio-8080-exec-4] DEBUG com.tears.usercenter.mapper.UserMapper.selectById - ==> Parameters: 58(Long)
2025-11-19 00:38:40.129 [http-nio-8080-exec-4] DEBUG com.tears.usercenter.mapper.UserMapper.selectById - <==      Total: 1
