2025-11-18 15:46:20.965 [restartedMain] INFO  com.tears.usercenter.UserCenterApplication - Starting UserCenterApplication using Java 17.0.8 with PID 2572 (D:\Study\user-center\user-center-backend\target\classes started by Taco in D:\Study\user-center\user-center-backend)
2025-11-18 15:46:20.984 [restartedMain] DEBUG com.tears.usercenter.UserCenterApplication - Running with Spring Boot v3.4.4, Spring v6.2.5
2025-11-18 15:46:20.987 [restartedMain] INFO  com.tears.usercenter.UserCenterApplication - No active profile set, falling back to 1 default profile: "default"
2025-11-18 15:46:25.985 [restartedMain] INFO  com.tears.usercenter.UserCenterApplication - Started UserCenterApplication in 6.232 seconds (process running for 12.923)
2025-11-18 15:46:33.617 [http-nio-8080-exec-3] DEBUG com.tears.usercenter.mapper.UserMapper.selectList - ==>  Preparing: SELECT id,username,userAccount,avatarUrl,gender,userPassword,phone,email,userStatus,createTime,updateTime,isDelete,userRole FROM user WHERE isDelete=0 AND (userAccount = ?)
2025-11-18 15:46:33.660 [http-nio-8080-exec-3] DEBUG com.tears.usercenter.mapper.UserMapper.selectList - ==> Parameters: testuser(String)
2025-11-18 15:46:33.704 [http-nio-8080-exec-3] DEBUG com.tears.usercenter.mapper.UserMapper.selectList - <==      Total: 1
2025-11-18 15:46:33.728 [http-nio-8080-exec-3] INFO  com.tears.usercenter.service.impl.UserServiceImpl - user login failed, password not match for userAccount: testuser
2025-11-18 15:47:52.007 [http-nio-8080-exec-5] DEBUG com.tears.usercenter.mapper.UserMapper.selectList - ==>  Preparing: SELECT id,username,userAccount,avatarUrl,gender,userPassword,phone,email,userStatus,createTime,updateTime,isDelete,userRole FROM user WHERE isDelete=0 AND (userAccount = ?)
2025-11-18 15:47:52.007 [http-nio-8080-exec-5] DEBUG com.tears.usercenter.mapper.UserMapper.selectList - ==> Parameters: deleteduser(String)
2025-11-18 15:47:52.009 [http-nio-8080-exec-5] DEBUG com.tears.usercenter.mapper.UserMapper.selectList - <==      Total: 0
2025-11-18 15:47:52.010 [http-nio-8080-exec-5] INFO  com.tears.usercenter.service.impl.UserServiceImpl - user login failed, userAccount cannot be found in user-center system
2025-11-18 15:48:16.500 [http-nio-8080-exec-6] DEBUG com.tears.usercenter.mapper.UserMapper.selectList - ==>  Preparing: SELECT id,username,userAccount,avatarUrl,gender,userPassword,phone,email,userStatus,createTime,updateTime,isDelete,userRole FROM user WHERE isDelete=0 AND (userAccount = ?)
2025-11-18 15:48:16.501 [http-nio-8080-exec-6] DEBUG com.tears.usercenter.mapper.UserMapper.selectList - ==> Parameters: admin(String)
2025-11-18 15:48:16.504 [http-nio-8080-exec-6] DEBUG com.tears.usercenter.mapper.UserMapper.selectList - <==      Total: 1
2025-11-18 15:48:16.579 [http-nio-8080-exec-7] DEBUG com.tears.usercenter.mapper.UserMapper.selectById - ==>  Preparing: SELECT id,username,userAccount,avatarUrl,gender,userPassword,phone,email,userStatus,createTime,updateTime,isDelete,userRole FROM user WHERE id=? AND isDelete=0
2025-11-18 15:48:16.580 [http-nio-8080-exec-7] DEBUG com.tears.usercenter.mapper.UserMapper.selectById - ==> Parameters: 58(Long)
2025-11-18 15:48:16.583 [http-nio-8080-exec-7] DEBUG com.tears.usercenter.mapper.UserMapper.selectById - <==      Total: 1
2025-11-18 15:48:27.423 [http-nio-8080-exec-8] DEBUG com.tears.usercenter.mapper.UserMapper.selectList - ==>  Preparing: SELECT id,username,userAccount,avatarUrl,gender,userPassword,phone,email,userStatus,createTime,updateTime,isDelete,userRole FROM user WHERE isDelete=0
2025-11-18 15:48:27.423 [http-nio-8080-exec-8] DEBUG com.tears.usercenter.mapper.UserMapper.selectList - ==> Parameters: 
2025-11-18 15:48:27.431 [http-nio-8080-exec-8] DEBUG com.tears.usercenter.mapper.UserMapper.selectList - <==      Total: 9
2025-11-18 15:48:55.200 [http-nio-8080-exec-9] DEBUG com.tears.usercenter.mapper.UserMapper.selectList - ==>  Preparing: SELECT id,username,userAccount,avatarUrl,gender,userPassword,phone,email,userStatus,createTime,updateTime,isDelete,userRole FROM user WHERE isDelete=0 AND (userAccount = ?)
2025-11-18 15:48:55.200 [http-nio-8080-exec-9] DEBUG com.tears.usercenter.mapper.UserMapper.selectList - ==> Parameters: admin(String)
2025-11-18 15:48:55.202 [http-nio-8080-exec-9] DEBUG com.tears.usercenter.mapper.UserMapper.selectList - <==      Total: 1
2025-11-18 15:48:55.210 [http-nio-8080-exec-10] DEBUG com.tears.usercenter.mapper.UserMapper.selectById - ==>  Preparing: SELECT id,username,userAccount,avatarUrl,gender,userPassword,phone,email,userStatus,createTime,updateTime,isDelete,userRole FROM user WHERE id=? AND isDelete=0
2025-11-18 15:48:55.210 [http-nio-8080-exec-10] DEBUG com.tears.usercenter.mapper.UserMapper.selectById - ==> Parameters: 58(Long)
2025-11-18 15:48:55.212 [http-nio-8080-exec-10] DEBUG com.tears.usercenter.mapper.UserMapper.selectById - <==      Total: 1
2025-11-18 16:00:59.946 [http-nio-8080-exec-2] DEBUG c.tears.usercenter.mapper.UserMapper.selectCount - ==>  Preparing: SELECT COUNT( * ) AS total FROM user WHERE isDelete=0 AND (userAccount = ?)
2025-11-18 16:00:59.946 [http-nio-8080-exec-2] DEBUG c.tears.usercenter.mapper.UserMapper.selectCount - ==> Parameters: 11111(String)
2025-11-18 16:00:59.949 [http-nio-8080-exec-2] DEBUG c.tears.usercenter.mapper.UserMapper.selectCount - <==      Total: 1
2025-11-18 16:00:59.954 [http-nio-8080-exec-2] DEBUG com.tears.usercenter.mapper.UserMapper.insert - ==>  Preparing: INSERT INTO user ( userAccount, userPassword ) VALUES ( ?, ? )
2025-11-18 16:00:59.956 [http-nio-8080-exec-2] DEBUG com.tears.usercenter.mapper.UserMapper.insert - ==> Parameters: 11111(String), 5640ea5587f8d5ca81e350ec4d5dc11b(String)
2025-11-18 16:00:59.962 [http-nio-8080-exec-2] DEBUG com.tears.usercenter.mapper.UserMapper.insert - <==    Updates: 1
