2025-09-23 10:09:06.458 [restartedMain] INFO  com.tears.usercenter.UserCenterApplication - Starting UserCenterApplication using Java 17.0.8 with PID 56544 (D:\Study\user-center\user-center-backend\target\classes started by Taco in D:\Study\user-center\user-center-backend)
2025-09-23 10:09:06.464 [restartedMain] DEBUG com.tears.usercenter.UserCenterApplication - Running with Spring Boot v3.4.4, Spring v6.2.5
2025-09-23 10:09:06.467 [restartedMain] INFO  com.tears.usercenter.UserCenterApplication - No active profile set, falling back to 1 default profile: "default"
2025-09-23 10:09:06.571 [restartedMain] INFO  o.s.b.d.env.DevToolsPropertyDefaultsPostProcessor - Devtools property defaults active! Set 'spring.devtools.add-properties' to 'false' to disable
2025-09-23 10:09:06.572 [restartedMain] INFO  o.s.b.d.env.DevToolsPropertyDefaultsPostProcessor - For additional web related logging consider setting the 'logging.level.web' property to 'DEBUG'
2025-09-23 10:09:07.691 [restartedMain] INFO  o.s.d.r.config.RepositoryConfigurationDelegate - Multiple Spring Data modules found, entering strict repository configuration mode
2025-09-23 10:09:07.696 [restartedMain] INFO  o.s.d.r.config.RepositoryConfigurationDelegate - Bootstrapping Spring Data Redis repositories in DEFAULT mode.
2025-09-23 10:09:07.732 [restartedMain] INFO  o.s.d.r.config.RepositoryConfigurationDelegate - Finished Spring Data repository scanning in 10 ms. Found 0 Redis repository interfaces.
2025-09-23 10:09:07.892 [restartedMain] DEBUG org.mybatis.spring.mapper.ClassPathMapperScanner - Identified candidate component class: file [D:\Study\user-center\user-center-backend\target\classes\com\tears\usercenter\mapper\UserMapper.class]
2025-09-23 10:09:07.893 [restartedMain] DEBUG org.mybatis.spring.mapper.ClassPathMapperScanner - Creating MapperFactoryBean with name 'userMapper' and 'com.tears.usercenter.mapper.UserMapper' mapperInterface
2025-09-23 10:09:08.565 [restartedMain] INFO  o.s.boot.web.embedded.tomcat.TomcatWebServer - Tomcat initialized with port 8080 (http)
2025-09-23 10:09:08.581 [restartedMain] INFO  org.apache.coyote.http11.Http11NioProtocol - Initializing ProtocolHandler ["http-nio-8080"]
2025-09-23 10:09:08.583 [restartedMain] INFO  org.apache.catalina.core.StandardService - Starting service [Tomcat]
2025-09-23 10:09:08.583 [restartedMain] INFO  org.apache.catalina.core.StandardEngine - Starting Servlet engine: [Apache Tomcat/10.1.39]
2025-09-23 10:09:08.653 [restartedMain] INFO  o.a.c.core.ContainerBase.[Tomcat].[localhost].[/] - Initializing Spring embedded WebApplicationContext
2025-09-23 10:09:08.655 [restartedMain] INFO  o.s.b.w.s.c.ServletWebServerApplicationContext - Root WebApplicationContext: initialization completed in 2081 ms
2025-09-23 10:09:10.409 [restartedMain] INFO  o.s.b.d.autoconfigure.OptionalLiveReloadServer - LiveReload server is running on port 35729
2025-09-23 10:09:10.435 [restartedMain] INFO  org.apache.coyote.http11.Http11NioProtocol - Starting ProtocolHandler ["http-nio-8080"]
2025-09-23 10:09:10.454 [restartedMain] INFO  o.s.boot.web.embedded.tomcat.TomcatWebServer - Tomcat started on port 8080 (http) with context path '/'
2025-09-23 10:09:10.465 [restartedMain] INFO  com.tears.usercenter.UserCenterApplication - Started UserCenterApplication in 5.051 seconds (process running for 6.412)
2025-09-23 10:59:45.407 [SpringApplicationShutdownHook] INFO  o.s.boot.web.embedded.tomcat.GracefulShutdown - Commencing graceful shutdown. Waiting for active requests to complete
2025-09-23 10:59:46.019 [tomcat-shutdown] INFO  o.s.boot.web.embedded.tomcat.GracefulShutdown - Graceful shutdown complete
