2025-09-25 11:06:15.194 [restartedMain] INFO  com.tears.usercenter.UserCenterApplication - Starting UserCenterApplication using Java 17.0.8 with PID 30328 (D:\Study\user-center\user-center-backend\target\classes started by Taco in D:\Study\user-center\user-center-backend)
2025-09-25 11:06:15.200 [restartedMain] DEBUG com.tears.usercenter.UserCenterApplication - Running with Spring Boot v3.4.4, Spring v6.2.5
2025-09-25 11:06:15.201 [restartedMain] INFO  com.tears.usercenter.UserCenterApplication - No active profile set, falling back to 1 default profile: "default"
2025-09-25 11:06:19.764 [restartedMain] INFO  com.tears.usercenter.UserCenterApplication - Started UserCenterApplication in 5.445 seconds (process running for 6.873)
2025-09-25 14:26:18.288 [restartedMain] INFO  com.tears.usercenter.UserCenterApplication - Starting UserCenterApplication using Java 17.0.8 with PID 33196 (D:\Study\user-center\user-center-backend\target\classes started by Taco in D:\Study\user-center\user-center-backend)
2025-09-25 14:26:18.290 [restartedMain] DEBUG com.tears.usercenter.UserCenterApplication - Running with Spring Boot v3.4.4, Spring v6.2.5
2025-09-25 14:26:18.292 [restartedMain] INFO  com.tears.usercenter.UserCenterApplication - No active profile set, falling back to 1 default profile: "default"
2025-09-25 14:26:22.676 [restartedMain] INFO  com.tears.usercenter.UserCenterApplication - Started UserCenterApplication in 5.293 seconds (process running for 11.769)
2025-09-25 14:50:17.575 [restartedMain] INFO  com.tears.usercenter.UserCenterApplication - Starting UserCenterApplication using Java 17.0.8 with PID 17820 (D:\Study\user-center\user-center-backend\target\classes started by Taco in D:\Study\user-center\user-center-backend)
2025-09-25 14:50:17.578 [restartedMain] DEBUG com.tears.usercenter.UserCenterApplication - Running with Spring Boot v3.4.4, Spring v6.2.5
2025-09-25 14:50:17.579 [restartedMain] INFO  com.tears.usercenter.UserCenterApplication - No active profile set, falling back to 1 default profile: "default"
2025-09-25 14:50:25.199 [restartedMain] INFO  com.tears.usercenter.UserCenterApplication - Started UserCenterApplication in 8.708 seconds (process running for 10.817)
2025-09-25 14:52:15.205 [http-nio-8080-exec-2] DEBUG com.tears.usercenter.mapper.UserMapper.selectList - ==>  Preparing: SELECT id,username,userAccount,avatarUrl,gender,userPassword,phone,email,userStatus,createTime,updateTime,isDelete,userRole FROM user WHERE isDelete=0 AND (userAccount = ?)
2025-09-25 14:52:15.599 [http-nio-8080-exec-2] DEBUG com.tears.usercenter.mapper.UserMapper.selectList - ==> Parameters: admin(String)
2025-09-25 14:52:15.975 [http-nio-8080-exec-2] DEBUG com.tears.usercenter.mapper.UserMapper.selectList - <==      Total: 1
2025-09-25 15:19:51.595 [restartedMain] INFO  com.tears.usercenter.UserCenterApplication - Starting UserCenterApplication using Java 17.0.8 with PID 17820 (D:\Study\user-center\user-center-backend\target\classes started by Taco in D:\Study\user-center\user-center-backend)
2025-09-25 15:19:51.596 [restartedMain] DEBUG com.tears.usercenter.UserCenterApplication - Running with Spring Boot v3.4.4, Spring v6.2.5
2025-09-25 15:19:51.596 [restartedMain] INFO  com.tears.usercenter.UserCenterApplication - No active profile set, falling back to 1 default profile: "default"
2025-09-25 15:19:52.957 [restartedMain] INFO  com.tears.usercenter.UserCenterApplication - Started UserCenterApplication in 1.468 seconds (process running for 1778.406)
2025-09-25 15:23:30.518 [restartedMain] INFO  com.tears.usercenter.UserCenterApplication - Starting UserCenterApplication using Java 17.0.8 with PID 17820 (D:\Study\user-center\user-center-backend\target\classes started by Taco in D:\Study\user-center\user-center-backend)
2025-09-25 15:23:30.519 [restartedMain] DEBUG com.tears.usercenter.UserCenterApplication - Running with Spring Boot v3.4.4, Spring v6.2.5
2025-09-25 15:23:30.519 [restartedMain] INFO  com.tears.usercenter.UserCenterApplication - No active profile set, falling back to 1 default profile: "default"
2025-09-25 15:23:52.420 [restartedMain] INFO  com.tears.usercenter.UserCenterApplication - Starting UserCenterApplication using Java 17.0.8 with PID 17820 (D:\Study\user-center\user-center-backend\target\classes started by Taco in D:\Study\user-center\user-center-backend)
2025-09-25 15:23:52.420 [restartedMain] DEBUG com.tears.usercenter.UserCenterApplication - Running with Spring Boot v3.4.4, Spring v6.2.5
2025-09-25 15:23:52.420 [restartedMain] INFO  com.tears.usercenter.UserCenterApplication - No active profile set, falling back to 1 default profile: "default"
2025-09-25 15:23:53.535 [restartedMain] INFO  com.tears.usercenter.UserCenterApplication - Started UserCenterApplication in 1.237 seconds (process running for 2018.932)
2025-09-25 15:24:21.231 [restartedMain] INFO  com.tears.usercenter.UserCenterApplication - Starting UserCenterApplication using Java 17.0.8 with PID 17820 (D:\Study\user-center\user-center-backend\target\classes started by Taco in D:\Study\user-center\user-center-backend)
2025-09-25 15:24:21.231 [restartedMain] DEBUG com.tears.usercenter.UserCenterApplication - Running with Spring Boot v3.4.4, Spring v6.2.5
2025-09-25 15:24:21.232 [restartedMain] INFO  com.tears.usercenter.UserCenterApplication - No active profile set, falling back to 1 default profile: "default"
2025-09-25 15:24:22.317 [restartedMain] INFO  com.tears.usercenter.UserCenterApplication - Started UserCenterApplication in 1.126 seconds (process running for 2047.708)
2025-09-25 15:24:50.723 [restartedMain] INFO  com.tears.usercenter.UserCenterApplication - Starting UserCenterApplication using Java 17.0.8 with PID 17820 (D:\Study\user-center\user-center-backend\target\classes started by Taco in D:\Study\user-center\user-center-backend)
2025-09-25 15:24:50.723 [restartedMain] DEBUG com.tears.usercenter.UserCenterApplication - Running with Spring Boot v3.4.4, Spring v6.2.5
2025-09-25 15:24:50.723 [restartedMain] INFO  com.tears.usercenter.UserCenterApplication - No active profile set, falling back to 1 default profile: "default"
2025-09-25 15:24:51.961 [restartedMain] INFO  com.tears.usercenter.UserCenterApplication - Started UserCenterApplication in 1.282 seconds (process running for 2077.347)
2025-09-25 15:24:57.060 [restartedMain] INFO  com.tears.usercenter.UserCenterApplication - Starting UserCenterApplication using Java 17.0.8 with PID 17820 (D:\Study\user-center\user-center-backend\target\classes started by Taco in D:\Study\user-center\user-center-backend)
2025-09-25 15:24:57.061 [restartedMain] DEBUG com.tears.usercenter.UserCenterApplication - Running with Spring Boot v3.4.4, Spring v6.2.5
2025-09-25 15:24:57.061 [restartedMain] INFO  com.tears.usercenter.UserCenterApplication - No active profile set, falling back to 1 default profile: "default"
2025-09-25 15:24:58.053 [restartedMain] INFO  com.tears.usercenter.UserCenterApplication - Started UserCenterApplication in 1.054 seconds (process running for 2083.438)
2025-09-25 15:25:14.570 [restartedMain] INFO  com.tears.usercenter.UserCenterApplication - Starting UserCenterApplication using Java 17.0.8 with PID 17820 (D:\Study\user-center\user-center-backend\target\classes started by Taco in D:\Study\user-center\user-center-backend)
2025-09-25 15:25:14.570 [restartedMain] DEBUG com.tears.usercenter.UserCenterApplication - Running with Spring Boot v3.4.4, Spring v6.2.5
2025-09-25 15:25:14.570 [restartedMain] INFO  com.tears.usercenter.UserCenterApplication - No active profile set, falling back to 1 default profile: "default"
2025-09-25 15:25:20.430 [restartedMain] INFO  com.tears.usercenter.UserCenterApplication - Starting UserCenterApplication using Java 17.0.8 with PID 17820 (D:\Study\user-center\user-center-backend\target\classes started by Taco in D:\Study\user-center\user-center-backend)
2025-09-25 15:25:20.430 [restartedMain] DEBUG com.tears.usercenter.UserCenterApplication - Running with Spring Boot v3.4.4, Spring v6.2.5
2025-09-25 15:25:20.431 [restartedMain] INFO  com.tears.usercenter.UserCenterApplication - No active profile set, falling back to 1 default profile: "default"
2025-09-25 15:28:21.587 [restartedMain] INFO  com.tears.usercenter.UserCenterApplication - Starting UserCenterApplication using Java 17.0.8 with PID 17820 (D:\Study\user-center\user-center-backend\target\classes started by Taco in D:\Study\user-center\user-center-backend)
2025-09-25 15:28:21.587 [restartedMain] DEBUG com.tears.usercenter.UserCenterApplication - Running with Spring Boot v3.4.4, Spring v6.2.5
2025-09-25 15:28:21.588 [restartedMain] INFO  com.tears.usercenter.UserCenterApplication - No active profile set, falling back to 1 default profile: "default"
2025-09-25 15:29:01.077 [restartedMain] INFO  com.tears.usercenter.UserCenterApplication - Starting UserCenterApplication using Java 17.0.8 with PID 17820 (D:\Study\user-center\user-center-backend\target\classes started by Taco in D:\Study\user-center\user-center-backend)
2025-09-25 15:29:01.078 [restartedMain] DEBUG com.tears.usercenter.UserCenterApplication - Running with Spring Boot v3.4.4, Spring v6.2.5
2025-09-25 15:29:01.078 [restartedMain] INFO  com.tears.usercenter.UserCenterApplication - No active profile set, falling back to 1 default profile: "default"
2025-09-25 15:29:03.094 [restartedMain] INFO  com.tears.usercenter.UserCenterApplication - Starting UserCenterApplication using Java 17.0.8 with PID 17820 (D:\Study\user-center\user-center-backend\target\classes started by Taco in D:\Study\user-center\user-center-backend)
2025-09-25 15:29:03.095 [restartedMain] DEBUG com.tears.usercenter.UserCenterApplication - Running with Spring Boot v3.4.4, Spring v6.2.5
2025-09-25 15:29:03.095 [restartedMain] INFO  com.tears.usercenter.UserCenterApplication - No active profile set, falling back to 1 default profile: "default"
2025-09-25 15:29:30.428 [restartedMain] INFO  com.tears.usercenter.UserCenterApplication - Starting UserCenterApplication using Java 17.0.8 with PID 17820 (D:\Study\user-center\user-center-backend\target\classes started by Taco in D:\Study\user-center\user-center-backend)
2025-09-25 15:29:30.428 [restartedMain] DEBUG com.tears.usercenter.UserCenterApplication - Running with Spring Boot v3.4.4, Spring v6.2.5
2025-09-25 15:29:30.428 [restartedMain] INFO  com.tears.usercenter.UserCenterApplication - No active profile set, falling back to 1 default profile: "default"
2025-09-25 15:29:41.935 [restartedMain] INFO  com.tears.usercenter.UserCenterApplication - Starting UserCenterApplication using Java 17.0.8 with PID 20560 (D:\Study\user-center\user-center-backend\target\classes started by Taco in D:\Study\user-center\user-center-backend)
2025-09-25 15:29:41.939 [restartedMain] DEBUG com.tears.usercenter.UserCenterApplication - Running with Spring Boot v3.4.4, Spring v6.2.5
2025-09-25 15:29:41.940 [restartedMain] INFO  com.tears.usercenter.UserCenterApplication - No active profile set, falling back to 1 default profile: "default"
2025-09-25 15:30:40.679 [restartedMain] INFO  com.tears.usercenter.UserCenterApplication - Starting UserCenterApplication using Java 17.0.8 with PID 20356 (D:\Study\user-center\user-center-backend\target\classes started by Taco in D:\Study\user-center\user-center-backend)
2025-09-25 15:30:40.685 [restartedMain] DEBUG com.tears.usercenter.UserCenterApplication - Running with Spring Boot v3.4.4, Spring v6.2.5
2025-09-25 15:30:40.686 [restartedMain] INFO  com.tears.usercenter.UserCenterApplication - No active profile set, falling back to 1 default profile: "default"
2025-09-25 15:30:48.013 [restartedMain] INFO  com.tears.usercenter.UserCenterApplication - Started UserCenterApplication in 8.276 seconds (process running for 9.311)
2025-09-25 15:32:08.896 [restartedMain] INFO  com.tears.usercenter.UserCenterApplication - Starting UserCenterApplication using Java 17.0.8 with PID 14000 (D:\Study\user-center\user-center-backend\target\classes started by Taco in D:\Study\user-center\user-center-backend)
2025-09-25 15:32:09.055 [restartedMain] DEBUG com.tears.usercenter.UserCenterApplication - Running with Spring Boot v3.4.4, Spring v6.2.5
2025-09-25 15:32:09.056 [restartedMain] INFO  com.tears.usercenter.UserCenterApplication - No active profile set, falling back to 1 default profile: "default"
2025-09-25 15:32:15.943 [restartedMain] INFO  com.tears.usercenter.UserCenterApplication - Started UserCenterApplication in 7.993 seconds (process running for 9.072)
2025-09-25 15:33:19.093 [restartedMain] INFO  com.tears.usercenter.UserCenterApplication - Starting UserCenterApplication using Java 17.0.8 with PID 14592 (D:\Study\user-center\user-center-backend\target\classes started by Taco in D:\Study\user-center\user-center-backend)
2025-09-25 15:33:19.096 [restartedMain] DEBUG com.tears.usercenter.UserCenterApplication - Running with Spring Boot v3.4.4, Spring v6.2.5
2025-09-25 15:33:19.097 [restartedMain] INFO  com.tears.usercenter.UserCenterApplication - No active profile set, falling back to 1 default profile: "default"
2025-09-25 15:33:26.214 [restartedMain] INFO  com.tears.usercenter.UserCenterApplication - Started UserCenterApplication in 8.093 seconds (process running for 9.301)
2025-09-25 15:58:36.706 [restartedMain] INFO  com.tears.usercenter.UserCenterApplication - Starting UserCenterApplication using Java 17.0.8 with PID 14592 (D:\Study\user-center\user-center-backend\target\classes started by Taco in D:\Study\user-center\user-center-backend)
2025-09-25 15:58:36.706 [restartedMain] DEBUG com.tears.usercenter.UserCenterApplication - Running with Spring Boot v3.4.4, Spring v6.2.5
2025-09-25 15:58:36.706 [restartedMain] INFO  com.tears.usercenter.UserCenterApplication - No active profile set, falling back to 1 default profile: "default"
2025-09-25 15:58:37.901 [restartedMain] INFO  com.tears.usercenter.UserCenterApplication - Started UserCenterApplication in 1.258 seconds (process running for 1520.797)
2025-09-25 15:58:50.478 [restartedMain] INFO  com.tears.usercenter.UserCenterApplication - Starting UserCenterApplication using Java 17.0.8 with PID 26464 (D:\Study\user-center\user-center-backend\target\classes started by Taco in D:\Study\user-center\user-center-backend)
2025-09-25 15:58:50.482 [restartedMain] DEBUG com.tears.usercenter.UserCenterApplication - Running with Spring Boot v3.4.4, Spring v6.2.5
2025-09-25 15:58:50.483 [restartedMain] INFO  com.tears.usercenter.UserCenterApplication - No active profile set, falling back to 1 default profile: "default"
2025-09-25 15:58:57.623 [restartedMain] INFO  com.tears.usercenter.UserCenterApplication - Started UserCenterApplication in 8.112 seconds (process running for 9.515)
2025-09-25 16:00:16.248 [http-nio-8080-exec-4] DEBUG com.tears.usercenter.mapper.UserMapper.selectList - ==>  Preparing: SELECT id,username,userAccount,avatarUrl,gender,userPassword,phone,email,userStatus,createTime,updateTime,isDelete,userRole FROM user WHERE isDelete=0 AND (userAccount = ?)
2025-09-25 16:00:16.314 [http-nio-8080-exec-4] DEBUG com.tears.usercenter.mapper.UserMapper.selectList - ==> Parameters: qwewqewqe(String)
2025-09-25 16:00:16.415 [http-nio-8080-exec-4] DEBUG com.tears.usercenter.mapper.UserMapper.selectList - <==      Total: 0
2025-09-25 16:00:16.440 [http-nio-8080-exec-4] INFO  com.tears.usercenter.service.impl.UserServiceImpl - user login failed, userAccount cannot be found in user-center system
2025-09-25 16:00:29.448 [http-nio-8080-exec-7] DEBUG com.tears.usercenter.mapper.UserMapper.selectList - ==>  Preparing: SELECT id,username,userAccount,avatarUrl,gender,userPassword,phone,email,userStatus,createTime,updateTime,isDelete,userRole FROM user WHERE isDelete=0 AND (userAccount = ?)
2025-09-25 16:00:29.449 [http-nio-8080-exec-7] DEBUG com.tears.usercenter.mapper.UserMapper.selectList - ==> Parameters: qwewqewqe(String)
2025-09-25 16:00:29.450 [http-nio-8080-exec-7] DEBUG com.tears.usercenter.mapper.UserMapper.selectList - <==      Total: 0
2025-09-25 16:00:29.451 [http-nio-8080-exec-7] INFO  com.tears.usercenter.service.impl.UserServiceImpl - user login failed, userAccount cannot be found in user-center system
2025-09-25 16:00:31.676 [http-nio-8080-exec-5] DEBUG com.tears.usercenter.mapper.UserMapper.selectList - ==>  Preparing: SELECT id,username,userAccount,avatarUrl,gender,userPassword,phone,email,userStatus,createTime,updateTime,isDelete,userRole FROM user WHERE isDelete=0 AND (userAccount = ?)
2025-09-25 16:00:31.677 [http-nio-8080-exec-5] DEBUG com.tears.usercenter.mapper.UserMapper.selectList - ==> Parameters: qwewqewqe(String)
2025-09-25 16:00:31.679 [http-nio-8080-exec-5] DEBUG com.tears.usercenter.mapper.UserMapper.selectList - <==      Total: 0
2025-09-25 16:00:31.679 [http-nio-8080-exec-5] INFO  com.tears.usercenter.service.impl.UserServiceImpl - user login failed, userAccount cannot be found in user-center system
